2016-Dec-15 12:04:38 Наличие необходимых модулей php (check_php_modules): Ok
Все необходимые модули установлены
2016-Dec-15 12:04:39 Обязательные параметры PHP (check_php_settings): Fail
Ошибка! Значение max_input_vars должно быть не ниже 10000. Текущее значение: 1000
2016-Dec-15 12:04:40 Модули веб-сервера (check_security): Ok
Конфликтов не выявлено
2016-Dec-15 12:04:41 Значения переменных сервера (check_server_vars): Ok
Корректные
2016-Dec-15 12:04:43 Сохранение сессии (check_session): Ok
50% done
2016-Dec-15 12:04:44 Сохранение сессии (check_session): Ok
Успешно
2016-Dec-15 12:04:45 Параметры настройки UTF (mbstring и константа BX_UTF) (check_mbstring): Ok
Правильные. Сайт работает в UTF кодировке
2016-Dec-15 12:04:46 Служебные скрипты в корне сайта (check_install_scripts): Ok
Отсутствуют
2016-Dec-15 12:04:48 Работа с сокетами (check_socket): Ok
Connection to holyday.local:80	Success

Успешно
2016-Dec-15 12:04:49 Параметры подключения к базе данных (check_dbconn_settings): Ok
Успешно
2016-Dec-15 12:04:52 Лишний вывод в файлах конфигурации (check_dbconn): Ok
Connection to holyday.local:80	Success

Успешно
2016-Dec-15 12:04:53 Выполнение агентов на cron (check_bx_crontab): Warning
Замечание. Агенты выполняются на хитах, рекомендуется перевести выполнение агентов на cron
2016-Dec-15 12:04:55 Сохранение сессии без UserAgent (check_session_ua): Ok
50% done
Connection to holyday.local:80	Success

2016-Dec-15 12:04:56 Сохранение сессии без UserAgent (check_session_ua): Ok
Connection to holyday.local:80	Success

Успешно
2016-Dec-15 12:04:57 Настройки сайтов (check_sites): Ok
Правильные
2016-Dec-15 12:04:58 Передача объектов по ссылке (check_clone): Ok
Успешно
2016-Dec-15 12:05:00 Размер стека и pcre.recursion_limit (check_pcre_recursion): Ok
Connection to holyday.local:80	Success

Успешно
2016-Dec-15 12:05:01 Вызов method_exists на строке (check_method_exists): Ok
Connection to holyday.local:80	Success

Успешно
2016-Dec-15 12:05:02 Загрузка файла (check_upload): Ok
Connection to holyday.local:80	Success

Успешно
2016-Dec-15 12:05:03 Загрузка файла больше 4Мб (check_upload_big): Ok
Connection to holyday.local:80	Success

Успешно
2016-Dec-15 12:05:05 Загрузка файла через php://input (check_upload_raw): Ok
Connection to holyday.local:80	Success

Успешно
2016-Dec-15 12:05:06 Передача POST запроса с большим числом параметров (check_post): Ok
Connection to holyday.local:80	Success

Успешно
2016-Dec-15 12:05:08 Отправка почты (check_mail): Fail
Ошибка! Отправлено. Время отправки: 1.01 сек.
2016-Dec-15 12:05:09 Отправка почтового сообщения больше 64Кб (check_mail_big): Ok
Успешно
2016-Dec-15 12:05:11 Проверка на наличие неотправленных сообщений (check_mail_b_event): Ok
Успешно
2016-Dec-15 12:05:12 Внутреннее перенаправление (функция LocalRedirect) (check_localredirect): Ok
50% done
Connection to holyday.local:80	Success

2016-Dec-15 12:05:13 Внутреннее перенаправление (функция LocalRedirect) (check_localredirect): Ok
Connection to holyday.local:80	Success

Успешно
2016-Dec-15 12:05:14 Фактическое ограничение памяти (check_memory_limit): Ok
20% done
Connection to holyday.local:80	Success

2016-Dec-15 12:05:16 Фактическое ограничение памяти (check_memory_limit): Ok
40% done
Connection to holyday.local:80	Success

2016-Dec-15 12:05:17 Фактическое ограничение памяти (check_memory_limit): Ok
60% done
Connection to holyday.local:80	Success

2016-Dec-15 12:05:18 Фактическое ограничение памяти (check_memory_limit): Ok
80% done
Connection to holyday.local:80	Success

2016-Dec-15 12:05:20 Фактическое ограничение памяти (check_memory_limit): Ok
Connection to holyday.local:80	Success

Не менее 256 М
2016-Dec-15 12:05:21 Работа с файлами кеша (check_cache): Ok
Успешно
2016-Dec-15 12:05:23 Доступ к серверу обновлений (check_update): Ok
Успешно
2016-Dec-15 12:05:24 HTTP авторизация (check_http_auth): Ok
Connection to holyday.local:80	Success

Успешно
2016-Dec-15 12:05:25 Создание и запуск файла (check_exec): Ok
Connection to holyday.local:80	Success

Успешно
2016-Dec-15 12:05:26 Функция getimagesize для swf (check_getimagesize): Ok
Успешно
2016-Dec-15 12:05:28 Версия MySQL-сервера (check_mysql_bug_version): Ok
Успешно
2016-Dec-15 12:05:30 Время на БД и веб-сервере (check_mysql_time): Ok
Успешно
2016-Dec-15 12:05:31 Режим работы MySQL (check_mysql_mode): Fail
Ошибка! Переменная sql_mode в MySQL должна быть пустая, текущее значение: NO_ENGINE_SUBSTITUTION
2016-Dec-15 12:05:32 Кодировка соединения (check_mysql_connection_charset): Ok
character_set_connection=utf8, collation_connection=utf8_unicode_ci, character_set_results=utf8
Успешно
2016-Dec-15 12:05:33 Кодировка базы данных (check_mysql_db_charset): Ok
CHARSET=utf8, COLLATION=utf8_unicode_ci
Успешно
2016-Dec-15 12:05:45 Кодировки таблиц в БД (check_mysql_table_charset): Ok
66% done
2016-Dec-15 12:05:51 Кодировки таблиц в БД (check_mysql_table_charset): Ok
Успешно
2016-Dec-15 12:05:53 Структура базы данных (check_mysql_table_structure): Ok
0% done
2016-Dec-15 12:05:55 Структура базы данных (check_mysql_table_structure): Ok
3% done
2016-Dec-15 12:06:06 Структура базы данных (check_mysql_table_structure): Ok
6% done
2016-Dec-15 12:07:17 Структура базы данных (check_mysql_table_structure): Ok
10% done
2016-Dec-15 12:07:31 Структура базы данных (check_mysql_table_structure): Ok
13% done
2016-Dec-15 12:07:32 Структура базы данных (check_mysql_table_structure): Ok
16% done
2016-Dec-15 12:07:37 Структура базы данных (check_mysql_table_structure): Ok
20% done
2016-Dec-15 12:07:41 Структура базы данных (check_mysql_table_structure): Ok
23% done
2016-Dec-15 12:07:42 Структура базы данных (check_mysql_table_structure): Ok
26% done
2016-Dec-15 12:07:50 Структура базы данных (check_mysql_table_structure): Ok
30% done
2016-Dec-15 12:08:03 Структура базы данных (check_mysql_table_structure): Ok
33% done
2016-Dec-15 12:08:19 Структура базы данных (check_mysql_table_structure): Ok
36% done
2016-Dec-15 12:08:21 Структура базы данных (check_mysql_table_structure): Ok
40% done
2016-Dec-15 12:08:37 Структура базы данных (check_mysql_table_structure): Ok
43% done
2016-Dec-15 12:09:20 Структура базы данных (check_mysql_table_structure): Ok
46% done
2016-Dec-15 12:09:22 Структура базы данных (check_mysql_table_structure): Ok
50% done
2016-Dec-15 12:09:29 Структура базы данных (check_mysql_table_structure): Ok
53% done
2016-Dec-15 12:09:30 Структура базы данных (check_mysql_table_structure): Ok
56% done
2016-Dec-15 12:09:35 Структура базы данных (check_mysql_table_structure): Ok
60% done
2016-Dec-15 12:10:32 Структура базы данных (check_mysql_table_structure): Ok
63% done
2016-Dec-15 12:10:38 Структура базы данных (check_mysql_table_structure): Ok
66% done
2016-Dec-15 12:10:45 Структура базы данных (check_mysql_table_structure): Ok
70% done
2016-Dec-15 12:10:52 Структура базы данных (check_mysql_table_structure): Ok
73% done
2016-Dec-15 12:10:59 Структура базы данных (check_mysql_table_structure): Ok
76% done
2016-Dec-15 12:11:07 Структура базы данных (check_mysql_table_structure): Ok
80% done
2016-Dec-15 12:11:11 Структура базы данных (check_mysql_table_structure): Ok
83% done
2016-Dec-15 12:11:12 Структура базы данных (check_mysql_table_structure): Ok
86% done
2016-Dec-15 12:11:16 Структура базы данных (check_mysql_table_structure): Ok
90% done
2016-Dec-15 12:11:17 Структура базы данных (check_mysql_table_structure): Ok
93% done
2016-Dec-15 12:11:22 Структура базы данных (check_mysql_table_structure): Ok
96% done
2016-Dec-15 12:11:23 Структура базы данных (check_mysql_table_structure): Ok
Успешно
